-------------------------------------------------------------------------------
Test set: wethinkcode.places.PlaceNameServiceTest
-------------------------------------------------------------------------------
Tests run: 1, Failures: 1, Errors: 0, Skipped: 0, Time elapsed: 0.119 s <<< FAILURE! - in wethinkcode.places.PlaceNameServiceTest
getACsvFileIntoTheServer  Time elapsed: 0.094 s  <<< FAILURE!
org.opentest4j.AssertionFailedError: TODO
	at wethinkcode.places.PlaceNameServiceTest.getACsvFileIntoTheServer(PlaceNameServiceTest.java:23)

